0 info it worked if it ends with ok
1 verbose cli [ '/usr/local/Cellar/node/6.2.2/bin/node',
1 verbose cli   '/usr/local/bin/npm',
1 verbose cli   'run',
1 verbose cli   'start-server' ]
2 info using npm@3.9.5
3 info using node@v6.2.2
4 verbose run-script [ 'prestart-server', 'start-server', 'poststart-server' ]
5 info lifecycle AstonishingMosquito@1.0.0~prestart-server: AstonishingMosquito@1.0.0
6 silly lifecycle AstonishingMosquito@1.0.0~prestart-server: no script for prestart-server, continuing
7 info lifecycle AstonishingMosquito@1.0.0~start-server: AstonishingMosquito@1.0.0
8 verbose lifecycle AstonishingMosquito@1.0.0~start-server: unsafe-perm in lifecycle true
9 verbose lifecycle AstonishingMosquito@1.0.0~start-server: PATH: /usr/local/lib/node_modules/npm/bin/node-gyp-bin:/Users/jen/Documents/code/personal/AstonishingMosquito/node_modules/.bin:/usr/local/Cellar/node/6.2.2/bin:/usr/local/lib/node_modules/npm/bin/node-gyp-bin:/Users/jen/Documents/code/personal/AstonishingMosquito/node_modules/.bin:/usr/local/Cellar/node/6.2.2/bin:/usr/local/bin:/usr/bin:/bin:/usr/sbin:/sbin:/usr/local/bin
10 verbose lifecycle AstonishingMosquito@1.0.0~start-server: CWD: /Users/jen/Documents/code/personal/AstonishingMosquito
11 silly lifecycle AstonishingMosquito@1.0.0~start-server: Args: [ '-c', 'cd server && npm run start' ]
12 silly lifecycle AstonishingMosquito@1.0.0~start-server: Returned: code: 1  signal: null
13 info lifecycle AstonishingMosquito@1.0.0~start-server: Failed to exec start-server script
14 verbose stack Error: AstonishingMosquito@1.0.0 start-server: `cd server && npm run start`
14 verbose stack Exit status 1
14 verbose stack     at EventEmitter.<anonymous> (/usr/local/lib/node_modules/npm/lib/utils/lifecycle.js:245:16)
14 verbose stack     at emitTwo (events.js:106:13)
14 verbose stack     at EventEmitter.emit (events.js:191:7)
14 verbose stack     at ChildProcess.<anonymous> (/usr/local/lib/node_modules/npm/lib/utils/spawn.js:24:14)
14 verbose stack     at emitTwo (events.js:106:13)
14 verbose stack     at ChildProcess.emit (events.js:191:7)
14 verbose stack     at maybeClose (internal/child_process.js:852:16)
14 verbose stack     at Process.ChildProcess._handle.onexit (internal/child_process.js:215:5)
15 verbose pkgid AstonishingMosquito@1.0.0
16 verbose cwd /Users/jen/Documents/code/personal/AstonishingMosquito
17 error Darwin 15.5.0
18 error argv "/usr/local/Cellar/node/6.2.2/bin/node" "/usr/local/bin/npm" "run" "start-server"
19 error node v6.2.2
20 error npm  v3.9.5
21 error code ELIFECYCLE
22 error AstonishingMosquito@1.0.0 start-server: `cd server && npm run start`
22 error Exit status 1
23 error Failed at the AstonishingMosquito@1.0.0 start-server script 'cd server && npm run start'.
23 error Make sure you have the latest version of node.js and npm installed.
23 error If you do, this is most likely a problem with the AstonishingMosquito package,
23 error not with npm itself.
23 error Tell the author that this fails on your system:
23 error     cd server && npm run start
23 error You can get information on how to open an issue for this project with:
23 error     npm bugs AstonishingMosquito
23 error Or if that isn't available, you can get their info via:
23 error     npm owner ls AstonishingMosquito
23 error There is likely additional logging output above.
24 verbose exit [ 1, true ]
